warning: use of deprecated struct `pallet::_::Store`: 
                 Use of `#[pallet::generate_store(pub(super) trait Store)]` will be removed after July 2023.
                 Check https://github.com/paritytech/substrate/pull/13535 for more details.
  --> pallet/mandate/src/lib.rs:52:3
   |
52 |     #[pallet::generate_store(pub(super) trait Store)]
   |      ^^^^^^^^^^^^^^^^^^^^^^^^^^^^^^^^^^^^^^^^^^^^^^^^
   |
   = note: `#[warn(deprecated)]` on by default

warning: use of deprecated constant `pallet::warnings::ImplicitCallIndex_0::_w`: 
                 It is deprecated to use implicit call indices.
                 Please instead ensure that all calls have a `pallet::call_index` attribute or put the pallet into `dev` mode.
         
                 For more info see:
                     <https://github.com/paritytech/substrate/pull/12891>
                     <https://github.com/paritytech/substrate/pull/11381>
  --> pallet/mandate/src/lib.rs:62:10
   |
62 |         pub fn mandate(
   |                ^^^^^^^

   Compiling clarus-runtime v3.0.0-dev (/home/asmita/personal/project2_bitcoin/clarus/runtime)
warning: `clarus-mandate` (lib) generated 2 warnings
error: failed to run custom build command for `clarus-runtime v3.0.0-dev (/home/asmita/personal/project2_bitcoin/clarus/runtime)`

Caused by:
  process didn't exit successfully: `/home/asmita/personal/project2_bitcoin/clarus/target/debug/build/clarus-runtime-258fc576fc3fab2d/build-script-build` (exit status: 101)
  --- stdout
  [1;33mInformation that should be included in a bug report.[0m
  [1;33mExecuting build command:[0m env -u CARGO_ENCODED_RUSTFLAGS CARGO_TARGET_DIR="/home/asmita/personal/project2_bitcoin/clarus/target/debug/wbuild/clarus-runtime/target" RUSTFLAGS="-C target-cpu=mvp -C target-feature=-sign-ext -C link-arg=--export-table -Clink-arg=--export=__heap_base -C link-arg=--import-memory  " SKIP_WASM_BUILD="" "/home/asmita/.rustup/toolchains/nightly-2023-09-27-x86_64-unknown-linux-gnu/bin/cargo" "rustc" "--target=wasm32-unknown-unknown" "--manifest-path=/home/asmita/personal/project2_bitcoin/clarus/target/debug/wbuild/clarus-runtime/Cargo.toml" "--color=always" "--profile" "release"
  [1;33mUsing rustc version:[0m rustc 1.74.0-nightly (5ae769f06 2023-09-26)


  --- stderr
  [0m[0m[1m[32m   Compiling[0m clarus-runtime v3.0.0-dev (/home/asmita/personal/project2_bitcoin/clarus/runtime)
  [0m[1m[33mwarning[0m[0m[1m: use of deprecated struct `pallet::_::Store`: [0m
  [0m[1m                 Use of `#[pallet::generate_store(pub(super) trait Store)]` will be removed after July 2023.[0m
  [0m[1m                 Check https://github.com/paritytech/substrate/pull/13535 for more details.[0m
  [0m  [0m[0m[1m[38;5;12m--> [0m[0m/home/asmita/personal/project2_bitcoin/clarus/pallet/mandate/src/lib.rs:52:3[0m
  [0m   [0m[0m[1m[38;5;12m|[0m
  [0m[1m[38;5;12m52[0m[0m [0m[0m[1m[38;5;12m|[0m[0m [0m[0m    #[pallet::generate_store(pub(super) trait Store)][0m
  [0m   [0m[0m[1m[38;5;12m| [0m[0m     [0m[0m[1m[33m^^^^^^^^^^^^^^^^^^^^^^^^^^^^^^^^^^^^^^^^^^^^^^^^[0m
  [0m   [0m[0m[1m[38;5;12m|[0m
  [0m   [0m[0m[1m[38;5;12m= [0m[0m[1mnote[0m[0m: `#[warn(deprecated)]` on by default[0m

  [0m[1m[33mwarning[0m[0m[1m: use of deprecated constant `pallet::warnings::ImplicitCallIndex_0::_w`: [0m
  [0m[1m                 It is deprecated to use implicit call indices.[0m
  [0m[1m                 Please instead ensure that all calls have a `pallet::call_index` attribute or put the pallet into `dev` mode.[0m
  [0m[1m         [0m
  [0m[1m                 For more info see:[0m
  [0m[1m                     <https://github.com/paritytech/substrate/pull/12891>[0m
  [0m[1m                     <https://github.com/paritytech/substrate/pull/11381>[0m
  [0m  [0m[0m[1m[38;5;12m--> [0m[0m/home/asmita/personal/project2_bitcoin/clarus/pallet/mandate/src/lib.rs:62:10[0m
  [0m   [0m[0m[1m[38;5;12m|[0m
  [0m[1m[38;5;12m62[0m[0m [0m[0m[1m[38;5;12m|[0m[0m [0m[0m        pub fn mandate([0m
  [0m   [0m[0m[1m[38;5;12m| [0m[0m               [0m[0m[1m[33m^^^^^^^[0m

  [0m[0m[1m[33mwarning[0m[1m:[0m `clarus-mandate` (lib) generated 2 warnings
  [0m[1m[38;5;9merror[E0412][0m[0m[1m: cannot find type `CouncilCollective` in this scope[0m
  [0m   [0m[0m[1m[38;5;12m--> [0m[0m/home/asmita/personal/project2_bitcoin/clarus/runtime/src/lib.rs:712:57[0m
  [0m    [0m[0m[1m[38;5;12m|[0m
  [0m[1m[38;5;12m712[0m[0m [0m[0m[1m[38;5;12m|[0m[0m [0m[0m        pallet_collective::EnsureProportionAtLeast<AccountId, CouncilCollective, 3, 4>,[0m
  [0m    [0m[0m[1m[38;5;12m| [0m[0m                                                              [0m[0m[1m[38;5;9m^^^^^^^^^^^^^^^^^[0m[0m [0m[0m[1m[38;5;9mnot found in this scope[0m
  [0m    [0m[0m[1m[38;5;12m|[0m
  [0m[1m[38;5;14mhelp[0m[0m: you might be missing a type parameter[0m
  [0m    [0m[0m[1m[38;5;12m|[0m
  [0m[1m[38;5;12m697[0m[0m [0m[0m[1m[38;5;12m| [0m[0mimpl[0m[0m[38;5;10m<CouncilCollective>[0m[0m pallet_staking::Config for Runtime {[0m
  [0m    [0m[0m[1m[38;5;12m|[0m[0m     [0m[0m[38;5;10m+++++++++++++++++++[0m

  [0m[1m[38;5;9merror[E0412][0m[0m[1m: cannot find type `Council` in this scope[0m
  [0m    [0m[0m[1m[38;5;12m--> [0m[0m/home/asmita/personal/project2_bitcoin/clarus/runtime/src/lib.rs:1174:23[0m
  [0m     [0m[0m[1m[38;5;12m|[0m
  [0m[1m[38;5;12m1174[0m[0m [0m[0m[1m[38;5;12m|[0m[0m [0m[0m    type ChangeMembers = Council;[0m
  [0m     [0m[0m[1m[38;5;12m| [0m[0m                         [0m[0m[1m[38;5;9m^^^^^^^[0m[0m [0m[0m[1m[38;5;9mnot found in this scope[0m

  [0m[1m[38;5;9merror[E0412][0m[0m[1m: cannot find type `Council` in this scope[0m
  [0m    [0m[0m[1m[38;5;12m--> [0m[0m/home/asmita/personal/project2_bitcoin/clarus/runtime/src/lib.rs:1177:27[0m
  [0m     [0m[0m[1m[38;5;12m|[0m
  [0m[1m[38;5;12m1177[0m[0m [0m[0m[1m[38;5;12m|[0m[0m [0m[0m    type InitializeMembers = Council;[0m
  [0m     [0m[0m[1m[38;5;12m| [0m[0m                             [0m[0m[1m[38;5;9m^^^^^^^[0m[0m [0m[0m[1m[38;5;9mnot found in this scope[0m

  [0m[1m[38;5;9merror[E0412][0m[0m[1m: cannot find type `CouncilCollective` in this scope[0m
  [0m    [0m[0m[1m[38;5;12m--> [0m[0m/home/asmita/personal/project2_bitcoin/clarus/runtime/src/lib.rs:1251:57[0m
  [0m     [0m[0m[1m[38;5;12m|[0m
  [0m[1m[38;5;12m1251[0m[0m [0m[0m[1m[38;5;12m|[0m[0m [0m[0m        pallet_collective::EnsureProportionAtLeast<AccountId, CouncilCollective, 3, 5>,[0m
  [0m     [0m[0m[1m[38;5;12m| [0m[0m                                                              [0m[0m[1m[38;5;9m^^^^^^^^^^^^^^^^^[0m[0m [0m[0m[1m[38;5;9mnot found in this scope[0m
  [0m     [0m[0m[1m[38;5;12m|[0m
  [0m[1m[38;5;14mhelp[0m[0m: you might be missing a type parameter[0m
  [0m     [0m[0m[1m[38;5;12m|[0m
  [0m[1m[38;5;12m1246[0m[0m [0m[0m[1m[38;5;12m| [0m[0mimpl[0m[0m[38;5;10m<CouncilCollective>[0m[0m pallet_treasury::Config for Runtime {[0m
  [0m     [0m[0m[1m[38;5;12m|[0m[0m     [0m[0m[38;5;10m+++++++++++++++++++[0m

  [0m[1m[38;5;9merror[E0412][0m[0m[1m: cannot find type `CouncilCollective` in this scope[0m
  [0m    [0m[0m[1m[38;5;12m--> [0m[0m/home/asmita/personal/project2_bitcoin/clarus/runtime/src/lib.rs:1255:58[0m
  [0m     [0m[0m[1m[38;5;12m|[0m
  [0m[1m[38;5;12m1255[0m[0m [0m[0m[1m[38;5;12m|[0m[0m [0m[0m        pallet_collective::EnsureProportionMoreThan<AccountId, CouncilCollective, 1, 2>,[0m
  [0m     [0m[0m[1m[38;5;12m| [0m[0m                                                               [0m[0m[1m[38;5;9m^^^^^^^^^^^^^^^^^[0m[0m [0m[0m[1m[38;5;9mnot found in this scope[0m
  [0m     [0m[0m[1m[38;5;12m|[0m
  [0m[1m[38;5;14mhelp[0m[0m: you might be missing a type parameter[0m
  [0m     [0m[0m[1m[38;5;12m|[0m
  [0m[1m[38;5;12m1246[0m[0m [0m[0m[1m[38;5;12m| [0m[0mimpl[0m[0m[38;5;10m<CouncilCollective>[0m[0m pallet_treasury::Config for Runtime {[0m
  [0m     [0m[0m[1m[38;5;12m|[0m[0m     [0m[0m[38;5;10m+++++++++++++++++++[0m

  [0m[1m[33mwarning[0m[0m[1m: unused imports: `AsEnsureOriginWithArg`, `ConstBool`, `EqualPrivilegeOnly`, `HoldConsideration`, `Instance1`, `Instance2`, `ItemOf`, `LinearStoragePrice`, `Nothing`, `PayFromAccount`, `pay::PayAssetFromAccount`[0m
  [0m  [0m[0m[1m[38;5;12m--> [0m[0m/home/asmita/personal/project2_bitcoin/clarus/runtime/src/lib.rs:34:14[0m
  [0m   [0m[0m[1m[38;5;12m|[0m
  [0m[1m[38;5;12m34[0m[0m [0m[0m[1m[38;5;12m|[0m[0m [0m[0m    instances::{Instance1, Instance2},[0m
  [0m   [0m[0m[1m[38;5;12m| [0m[0m                [0m[0m[1m[33m^^^^^^^^^[0m[0m  [0m[0m[1m[33m^^^^^^^^^[0m
  [0m[1m[38;5;12m...[0m
  [0m[1m[38;5;12m39[0m[0m [0m[0m[1m[38;5;12m|[0m[0m [0m[0m        fungible::{Balanced, Credit, HoldConsideration, ItemOf},[0m
  [0m   [0m[0m[1m[38;5;12m| [0m[0m                                     [0m[0m[1m[33m^^^^^^^^^^^^^^^^^[0m[0m  [0m[0m[1m[33m^^^^^^[0m
  [0m[1m[38;5;12m40[0m[0m [0m[0m[1m[38;5;12m|[0m[0m [0m[0m        tokens::{nonfungibles_v2::Inspect, pay::PayAssetFromAccount, GetSalary, PayFromAccount},[0m
  [0m   [0m[0m[1m[38;5;12m| [0m[0m                                           [0m[0m[1m[33m^^^^^^^^^^^^^^^^^^^^^^^^[0m[0m             [0m[0m[1m[33m^^^^^^^^^^^^^^[0m
  [0m[1m[38;5;12m41[0m[0m [0m[0m[1m[38;5;12m|[0m[0m [0m[0m        AsEnsureOriginWithArg, ConstBool, ConstU128, ConstU16, ConstU32, Contains, Currency,[0m
  [0m   [0m[0m[1m[38;5;12m| [0m[0m        [0m[0m[1m[33m^^^^^^^^^^^^^^^^^^^^^[0m[0m  [0m[0m[1m[33m^^^^^^^^^[0m
  [0m[1m[38;5;12m42[0m[0m [0m[0m[1m[38;5;12m|[0m[0m [0m[0m        EitherOfDiverse, EqualPrivilegeOnly, Imbalance, InsideBoth, InstanceFilter,[0m
  [0m   [0m[0m[1m[38;5;12m| [0m[0m                         [0m[0m[1m[33m^^^^^^^^^^^^^^^^^^[0m
  [0m[1m[38;5;12m43[0m[0m [0m[0m[1m[38;5;12m|[0m[0m [0m[0m        KeyOwnerProofSystem, LinearStoragePrice, LockIdentifier, Nothing, OnUnbalanced,[0m
  [0m   [0m[0m[1m[38;5;12m| [0m[0m                             [0m[0m[1m[33m^^^^^^^^^^^^^^^^^^[0m[0m                  [0m[0m[1m[33m^^^^^^^[0m
  [0m   [0m[0m[1m[38;5;12m|[0m
  [0m   [0m[0m[1m[38;5;12m= [0m[0m[1mnote[0m[0m: `#[warn(unused_imports)]` on by default[0m

  [0m[1m[33mwarning[0m[0m[1m: unused imports: `EnsureSignedBy`, `EnsureSigned`[0m
  [0m  [0m[0m[1m[38;5;12m--> [0m[0m/home/asmita/personal/project2_bitcoin/clarus/runtime/src/lib.rs:56:37[0m
  [0m   [0m[0m[1m[38;5;12m|[0m
  [0m[1m[38;5;12m56[0m[0m [0m[0m[1m[38;5;12m|[0m[0m [0m[0m    EnsureRoot, EnsureRootWithSuccess, EnsureSigned, EnsureSignedBy, EnsureWithSuccess,[0m
  [0m   [0m[0m[1m[38;5;12m| [0m[0m                                       [0m[0m[1m[33m^^^^^^^^^^^^[0m[0m  [0m[0m[1m[33m^^^^^^^^^^^^^^[0m

  [0m[1m[33mwarning[0m[0m[1m: unused import: `ConvertInto`[0m
  [0m  [0m[0m[1m[38;5;12m--> [0m[0m/home/asmita/personal/project2_bitcoin/clarus/runtime/src/lib.rs:81:69[0m
  [0m   [0m[0m[1m[38;5;12m|[0m
  [0m[1m[38;5;12m81[0m[0m [0m[0m[1m[38;5;12m|[0m[0m [0m[0m        self, AccountIdConversion, BlakeTwo256, Block as BlockT, Bounded, ConvertInto, NumberFor,[0m
  [0m   [0m[0m[1m[38;5;12m| [0m[0m                                                                          [0m[0m[1m[33m^^^^^^^^^^^[0m

  [0m[1m[33mwarning[0m[0m[1m: unused imports: `Balanced`, `Credit`, `pallet_prelude::*`[0m
  [0m  [0m[0m[1m[38;5;12m--> [0m[0m/home/asmita/personal/project2_bitcoin/clarus/runtime/src/impls.rs:21:2[0m
  [0m   [0m[0m[1m[38;5;12m|[0m
  [0m[1m[38;5;12m21[0m[0m [0m[0m[1m[38;5;12m|[0m[0m [0m[0m    pallet_prelude::*,[0m
  [0m   [0m[0m[1m[38;5;12m| [0m[0m    [0m[0m[1m[33m^^^^^^^^^^^^^^^^^[0m
  [0m[1m[38;5;12m22[0m[0m [0m[0m[1m[38;5;12m|[0m[0m [0m[0m    traits::{[0m
  [0m[1m[38;5;12m23[0m[0m [0m[0m[1m[38;5;12m|[0m[0m [0m[0m        fungibles::{Balanced, Credit},[0m
  [0m   [0m[0m[1m[38;5;12m| [0m[0m                    [0m[0m[1m[33m^^^^^^^^[0m[0m  [0m[0m[1m[33m^^^^^^[0m

  [0m[1m[33mwarning[0m[0m[1m: unused imports: `IdentityVerifier`, `ProposalIndex`, `ProposalProvider`[0m
  [0m  [0m[0m[1m[38;5;12m--> [0m[0m/home/asmita/personal/project2_bitcoin/clarus/runtime/src/impls.rs:27:23[0m
  [0m   [0m[0m[1m[38;5;12m|[0m
  [0m[1m[38;5;12m27[0m[0m [0m[0m[1m[38;5;12m|[0m[0m [0m[0muse pallet_alliance::{IdentityVerifier, ProposalIndex, ProposalProvider};[0m
  [0m   [0m[0m[1m[38;5;12m| [0m[0m                      [0m[0m[1m[33m^^^^^^^^^^^^^^^^[0m[0m  [0m[0m[1m[33m^^^^^^^^^^^^^[0m[0m  [0m[0m[1m[33m^^^^^^^^^^^^^^^^[0m

  [0m[1m[33mwarning[0m[0m[1m: unused import: `pallet_asset_tx_payment::HandleCredit`[0m
  [0m  [0m[0m[1m[38;5;12m--> [0m[0m/home/asmita/personal/project2_bitcoin/clarus/runtime/src/impls.rs:28:5[0m
  [0m   [0m[0m[1m[38;5;12m|[0m
  [0m[1m[38;5;12m28[0m[0m [0m[0m[1m[38;5;12m|[0m[0m [0m[0muse pallet_asset_tx_payment::HandleCredit;[0m
  [0m   [0m[0m[1m[38;5;12m| [0m[0m    [0m[0m[1m[33m^^^^^^^^^^^^^^^^^^^^^^^^^^^^^^^^^^^^^[0m

  [0m[1m[33mwarning[0m[0m[1m: unused import: `pallet_identity::legacy::IdentityField`[0m
  [0m  [0m[0m[1m[38;5;12m--> [0m[0m/home/asmita/personal/project2_bitcoin/clarus/runtime/src/impls.rs:29:5[0m
  [0m   [0m[0m[1m[38;5;12m|[0m
  [0m[1m[38;5;12m29[0m[0m [0m[0m[1m[38;5;12m|[0m[0m [0m[0muse pallet_identity::legacy::IdentityField;[0m
  [0m   [0m[0m[1m[38;5;12m| [0m[0m    [0m[0m[1m[33m^^^^^^^^^^^^^^^^^^^^^^^^^^^^^^^^^^^^^^[0m

  [0m[1m[33mwarning[0m[0m[1m: unused import: `sp_std::prelude::*`[0m
  [0m  [0m[0m[1m[38;5;12m--> [0m[0m/home/asmita/personal/project2_bitcoin/clarus/runtime/src/impls.rs:30:5[0m
  [0m   [0m[0m[1m[38;5;12m|[0m
  [0m[1m[38;5;12m30[0m[0m [0m[0m[1m[38;5;12m|[0m[0m [0m[0muse sp_std::prelude::*;[0m
  [0m   [0m[0m[1m[38;5;12m| [0m[0m    [0m[0m[1m[33m^^^^^^^^^^^^^^^^^^[0m

  [0m[1m[38;5;9merror[E0152][0m[0m[1m: duplicate lang item in crate `sp_io`: `panic_impl`.[0m
  [0m  [0m[0m[1m[38;5;12m|[0m
  [0m  [0m[0m[1m[38;5;12m= [0m[0m[1mnote[0m[0m: the lang item is first defined in crate `sp_io` (which `clarus_runtime` depends on)[0m
  [0m  [0m[0m[1m[38;5;12m= [0m[0m[1mnote[0m[0m: first definition in `sp_io` loaded from /home/asmita/personal/project2_bitcoin/clarus/target/debug/wbuild/clarus-runtime/target/wasm32-unknown-unknown/release/deps/libsp_io-3d7a4ecba2232b0e.rmeta[0m
  [0m  [0m[0m[1m[38;5;12m= [0m[0m[1mnote[0m[0m: second definition in `sp_io` loaded from /home/asmita/personal/project2_bitcoin/clarus/target/debug/wbuild/clarus-runtime/target/wasm32-unknown-unknown/release/deps/libsp_io-7fefcf1d90f2afd2.rmeta[0m

  [0m[1m[38;5;9merror[E0152][0m[0m[1m: duplicate lang item in crate `std`: `panic_impl`.[0m
  [0m  [0m[0m[1m[38;5;12m|[0m
  [0m  [0m[0m[1m[38;5;12m= [0m[0m[1mnote[0m[0m: the lang item is first defined in crate `sp_io`.[0m
  [0m  [0m[0m[1m[38;5;12m= [0m[0m[1mnote[0m[0m: first definition in `sp_io` loaded from /home/asmita/personal/project2_bitcoin/clarus/target/debug/wbuild/clarus-runtime/target/wasm32-unknown-unknown/release/deps/libsp_io-7fefcf1d90f2afd2.rmeta[0m
  [0m  [0m[0m[1m[38;5;12m= [0m[0m[1mnote[0m[0m: second definition in `std` loaded from /home/asmita/.rustup/toolchains/nightly-2023-09-27-x86_64-unknown-linux-gnu/lib/rustlib/wasm32-unknown-unknown/lib/libstd-4dff7ed743dad2a1.rlib[0m

  [0m[1mSome errors have detailed explanations: E0152, E0412.[0m
  [0m[1mFor more information about an error, try `rustc --explain E0152`.[0m
  [0m[0m[1m[33mwarning[0m[1m:[0m `clarus-runtime` (lib) generated 8 warnings
  [0m[0m[1m[31merror[0m[1m:[0m could not compile `clarus-runtime` (lib) due to 7 previous errors; 8 warnings emitted
  thread 'main' panicked at /home/asmita/.cargo/git/checkouts/polkadot-sdk-cff69157b985ed76/a3e4fce/substrate/utils/wasm-builder/src/wasm_project.rs:803:37:
  Copying the bloaty file to the project dir.: Os { code: 2, kind: NotFound, message: "No such file or directory" }
  note: run with `RUST_BACKTRACE=1` environment variable to display a backtrace
